#
# There is insufficient memory for the Java Runtime Environment to continue.
# Native memory allocation (malloc) failed to allocate 360736 bytes for Chunk::new
# Possible reasons:
#   The system is out of physical RAM or swap space
#   The process is running with CompressedOops enabled, and the Java Heap may be blocking the growth of the native heap
# Possible solutions:
#   Reduce memory load on the system
#   Increase physical memory or swap space
#   Check if swap backing store is full
#   Decrease Java heap size (-Xmx/-Xms)
#   Decrease number of Java threads
#   Decrease Java thread stack sizes (-Xss)
#   Set larger code cache with -XX:ReservedCodeCacheSize=
#   JVM is running with Zero Based Compressed Oops mode in which the Java heap is
#     placed in the first 32GB address space. The Java Heap base address is the
#     maximum limit for the native heap growth. Please use -XX:HeapBaseMinAddress
#     to set the Java Heap base and to place the Java Heap above 32GB virtual address.
# This output file may be truncated or incomplete.
#
#  Out of Memory Error (arena.cpp:189), pid=65688, tid=55436
#
# JRE version: OpenJDK Runtime Environment Temurin-17.0.4.1+1 (17.0.4.1+1) (build 17.0.4.1+1)
# Java VM: OpenJDK 64-Bit Server VM Temurin-17.0.4.1+1 (17.0.4.1+1, mixed mode, tiered, compressed oops, compressed class ptrs, g1 gc, windows-amd64)
# No core dump will be written. Minidumps are not enabled by default on client versions of Windows
#

---------------  S U M M A R Y ------------

Command Line: -Djava.library.path=C:\Program Files\IBM\ILOG\CPLEX_Studio221\cplex\bin\x64_win64 -Dfile.encoding=UTF-8 -XX:+ShowCodeDetailsInExceptionMessages MainApp.App

Host: Intel(R) Core(TM) i7-10700 CPU @ 2.90GHz, 16 cores, 31G,  Windows 11 , 64 bit Build 22000 (10.0.22000.1516)
Time: Tue Feb 28 13:22:35 2023  Windows 11 , 64 bit Build 22000 (10.0.22000.1516) elapsed time: 80182.784191 seconds (0d 22h 16m 22s)

---------------  T H R E A D  ---------------

Current thread (0x0000029ca9c81b70):  JavaThread "C2 CompilerThread0" daemon [_thread_in_native, id=55436, stack(0x000000c8a2c00000,0x000000c8a2d00000)]


Current CompileTask:
C2:80182784 1039       4       ilog.cplex.IloCplexModeler::addRange (83 bytes)

Stack: [0x000000c8a2c00000,0x000000c8a2d00000]
Native frames: (J=compiled Java code, j=interpreted, Vv=VM code, C=native code)
V  [jvm.dll+0x67731a]
V  [jvm.dll+0x832284]
V  [jvm.dll+0x833a2e]
V  [jvm.dll+0x834093]
V  [jvm.dll+0x245775]
V  [jvm.dll+0xabd7b]
V  [jvm.dll+0xac30c]
V  [jvm.dll+0x2ac80f]
V  [jvm.dll+0x57dd77]
V  [jvm.dll+0x220892]
V  [jvm.dll+0x21a182]
V  [jvm.dll+0x21799b]
V  [jvm.dll+0x1a3f8d]
V  [jvm.dll+0x227498]
V  [jvm.dll+0x2255e5]
V  [jvm.dll+0x7e7e9b]
V  [jvm.dll+0x7e240a]
V  [jvm.dll+0x6761a5]
C  [ucrtbase.dll+0x26c0c]
C  [KERNEL32.DLL+0x155a0]
C  [ntdll.dll+0x485b]


---------------  P R O C E S S  ---------------

Threads class SMR info:
_java_thread_list=0x0000029da36dc480, length=12, elements={
0x0000029cff923dc0, 0x0000029ca9c26270, 0x0000029ca9c26b30, 0x0000029ca9c72020,
0x0000029ca9c728e0, 0x0000029ca9c731a0, 0x0000029ca9c78f70, 0x0000029ca9c81b70,
0x0000029ca9c82470, 0x0000029ca9c93530, 0x0000029ca9de0530, 0x0000029ca9deb440
}

Java Threads: ( => current thread )
  0x0000029cff923dc0 JavaThread "main" [_thread_in_Java, id=69476, stack(0x000000c8a1f00000,0x000000c8a2000000)]
  0x0000029ca9c26270 JavaThread "Reference Handler" daemon [_thread_blocked, id=68668, stack(0x000000c8a2600000,0x000000c8a2700000)]
  0x0000029ca9c26b30 JavaThread "Finalizer" daemon [_thread_blocked, id=63252, stack(0x000000c8a2700000,0x000000c8a2800000)]
  0x0000029ca9c72020 JavaThread "Signal Dispatcher" daemon [_thread_blocked, id=58692, stack(0x000000c8a2800000,0x000000c8a2900000)]
  0x0000029ca9c728e0 JavaThread "Attach Listener" daemon [_thread_blocked, id=68044, stack(0x000000c8a2900000,0x000000c8a2a00000)]
  0x0000029ca9c731a0 JavaThread "Service Thread" daemon [_thread_blocked, id=61172, stack(0x000000c8a2a00000,0x000000c8a2b00000)]
  0x0000029ca9c78f70 JavaThread "Monitor Deflation Thread" daemon [_thread_blocked, id=67556, stack(0x000000c8a2b00000,0x000000c8a2c00000)]
=>0x0000029ca9c81b70 JavaThread "C2 CompilerThread0" daemon [_thread_in_native, id=55436, stack(0x000000c8a2c00000,0x000000c8a2d00000)]
  0x0000029ca9c82470 JavaThread "C1 CompilerThread0" daemon [_thread_blocked, id=53600, stack(0x000000c8a2d00000,0x000000c8a2e00000)]
  0x0000029ca9c93530 JavaThread "Sweeper thread" daemon [_thread_blocked, id=56368, stack(0x000000c8a2e00000,0x000000c8a2f00000)]
  0x0000029ca9de0530 JavaThread "Notification Thread" daemon [_thread_blocked, id=67256, stack(0x000000c8a3000000,0x000000c8a3100000)]
  0x0000029ca9deb440 JavaThread "Common-Cleaner" daemon [_thread_blocked, id=67120, stack(0x000000c8a3200000,0x000000c8a3300000)]

Other Threads:
  0x0000029ca9c103f0 VMThread "VM Thread" [stack: 0x000000c8a2500000,0x000000c8a2600000] [id=69320]
  0x0000029cff9eefe0 WatcherThread [stack: 0x000000c8a3100000,0x000000c8a3200000] [id=66272]
  0x0000029cff9d1750 GCTaskThread "GC Thread#0" [stack: 0x000000c8a2000000,0x000000c8a2100000] [id=49044]
  0x0000029cdbe97c40 GCTaskThread "GC Thread#1" [stack: 0x000000c8a1d00000,0x000000c8a1e00000] [id=13812]
  0x0000029cdbe96c20 GCTaskThread "GC Thread#2" [stack: 0x000000c8a1e00000,0x000000c8a1f00000] [id=6940]
  0x0000029cdbe96ed0 GCTaskThread "GC Thread#3" [stack: 0x000000c8a2f00000,0x000000c8a3000000] [id=14508]
  0x0000029cdbe97990 GCTaskThread "GC Thread#4" [stack: 0x000000c8a3300000,0x000000c8a3400000] [id=49260]
  0x0000029cdbe97180 GCTaskThread "GC Thread#5" [stack: 0x000000c8a3400000,0x000000c8a3500000] [id=56204]
  0x0000029cdbe97430 GCTaskThread "GC Thread#6" [stack: 0x000000c8a3500000,0x000000c8a3600000] [id=31024]
  0x0000029cdbe96970 GCTaskThread "GC Thread#7" [stack: 0x000000c8a3600000,0x000000c8a3700000] [id=52748]
  0x0000029cdbe976e0 GCTaskThread "GC Thread#8" [stack: 0x000000c8a3700000,0x000000c8a3800000] [id=28832]
  0x0000029cdbe966c0 GCTaskThread "GC Thread#9" [stack: 0x000000c8a3800000,0x000000c8a3900000] [id=56928]
  0x0000029cdbe97ef0 GCTaskThread "GC Thread#10" [stack: 0x000000c8a3900000,0x000000c8a3a00000] [id=60768]
  0x0000029cdbe981a0 GCTaskThread "GC Thread#11" [stack: 0x000000c8a3a00000,0x000000c8a3b00000] [id=59808]
  0x0000029cff9e2270 ConcurrentGCThread "G1 Main Marker" [stack: 0x000000c8a2100000,0x000000c8a2200000] [id=29196]
  0x0000029cff9e3390 ConcurrentGCThread "G1 Conc#0" [stack: 0x000000c8a2200000,0x000000c8a2300000] [id=69384]
  0x0000029ca92d26f0 ConcurrentGCThread "G1 Refine#0" [stack: 0x000000c8a2300000,0x000000c8a2400000] [id=63816]
  0x0000029ca92d3dd0 ConcurrentGCThread "G1 Service" [stack: 0x000000c8a2400000,0x000000c8a2500000] [id=66380]

Threads with active compile tasks:
C2 CompilerThread0  80182874 1039       4       ilog.cplex.IloCplexModeler::addRange (83 bytes)

VM state: not at safepoint (normal execution)

VM Mutex/Monitor currently owned by a thread: None

Heap address: 0x0000000604400000, size: 8124 MB, Compressed Oops mode: Zero based, Oop shift amount: 3

CDS archive(s) not mapped
Compressed class space mapped at: 0x0000000800000000-0x0000000840000000, reserved size: 1073741824
Narrow klass base: 0x0000000800000000, Narrow klass shift: 0, Narrow klass range: 0x40000000

GC Precious Log:
 CPUs: 16 total, 16 available
 Memory: 32480M
 Large Page Support: Disabled
 NUMA Support: Disabled
 Compressed Oops: Enabled (Zero based)
 Heap Region Size: 4M
 Heap Min Capacity: 8M
 Heap Initial Capacity: 508M
 Heap Max Capacity: 8124M
 Pre-touch: Disabled
 Parallel Workers: 13
 Concurrent Workers: 3
 Concurrent Refinement Workers: 13
 Periodic GC: Disabled

Heap:
 garbage-first heap   total 520192K, used 100842K [0x0000000604400000, 0x0000000800000000)
  region size 4096K, 25 young (102400K), 4 survivors (16384K)
 Metaspace       used 9234K, committed 9408K, reserved 1064960K
  class space    used 802K, committed 896K, reserved 1048576K

Heap Regions: E=young(eden), S=young(survivor), O=old, HS=humongous(starts), HC=humongous(continues), CS=collection set, F=free, OA=open archive, CA=closed archive, TAMS=top-at-mark-start (previous, next)
|   0|0x0000000604400000, 0x0000000604800000, 0x0000000604800000|100%| O|  |TAMS 0x0000000604400000, 0x0000000604400000| Untracked 
|   1|0x0000000604800000, 0x000000060485b400, 0x0000000604c00000|  8%| O|  |TAMS 0x0000000604800000, 0x0000000604800000| Untracked 
|   2|0x0000000604c00000, 0x0000000604c00000, 0x0000000605000000|  0%| F|  |TAMS 0x0000000604c00000, 0x0000000604c00000| Untracked 
|   3|0x0000000605000000, 0x0000000605000000, 0x0000000605400000|  0%| F|  |TAMS 0x0000000605000000, 0x0000000605000000| Untracked 
|   4|0x0000000605400000, 0x0000000605400000, 0x0000000605800000|  0%| F|  |TAMS 0x0000000605400000, 0x0000000605400000| Untracked 
|   5|0x0000000605800000, 0x0000000605800000, 0x0000000605c00000|  0%| F|  |TAMS 0x0000000605800000, 0x0000000605800000| Untracked 
|   6|0x0000000605c00000, 0x0000000605c00000, 0x0000000606000000|  0%| F|  |TAMS 0x0000000605c00000, 0x0000000605c00000| Untracked 
|   7|0x0000000606000000, 0x0000000606000000, 0x0000000606400000|  0%| F|  |TAMS 0x0000000606000000, 0x0000000606000000| Untracked 
|   8|0x0000000606400000, 0x0000000606400000, 0x0000000606800000|  0%| F|  |TAMS 0x0000000606400000, 0x0000000606400000| Untracked 
|   9|0x0000000606800000, 0x0000000606800000, 0x0000000606c00000|  0%| F|  |TAMS 0x0000000606800000, 0x0000000606800000| Untracked 
|  10|0x0000000606c00000, 0x0000000606c00000, 0x0000000607000000|  0%| F|  |TAMS 0x0000000606c00000, 0x0000000606c00000| Untracked 
|  11|0x0000000607000000, 0x0000000607000000, 0x0000000607400000|  0%| F|  |TAMS 0x0000000607000000, 0x0000000607000000| Untracked 
|  12|0x0000000607400000, 0x0000000607400000, 0x0000000607800000|  0%| F|  |TAMS 0x0000000607400000, 0x0000000607400000| Untracked 
|  13|0x0000000607800000, 0x0000000607800000, 0x0000000607c00000|  0%| F|  |TAMS 0x0000000607800000, 0x0000000607800000| Untracked 
|  14|0x0000000607c00000, 0x0000000607c00000, 0x0000000608000000|  0%| F|  |TAMS 0x0000000607c00000, 0x0000000607c00000| Untracked 
|  15|0x0000000608000000, 0x0000000608000000, 0x0000000608400000|  0%| F|  |TAMS 0x0000000608000000, 0x0000000608000000| Untracked 
|  16|0x0000000608400000, 0x0000000608400000, 0x0000000608800000|  0%| F|  |TAMS 0x0000000608400000, 0x0000000608400000| Untracked 
|  17|0x0000000608800000, 0x0000000608800000, 0x0000000608c00000|  0%| F|  |TAMS 0x0000000608800000, 0x0000000608800000| Untracked 
|  18|0x0000000608c00000, 0x0000000608c00000, 0x0000000609000000|  0%| F|  |TAMS 0x0000000608c00000, 0x0000000608c00000| Untracked 
|  19|0x0000000609000000, 0x0000000609000000, 0x0000000609400000|  0%| F|  |TAMS 0x0000000609000000, 0x0000000609000000| Untracked 
|  20|0x0000000609400000, 0x0000000609400000, 0x0000000609800000|  0%| F|  |TAMS 0x0000000609400000, 0x0000000609400000| Untracked 
|  21|0x0000000609800000, 0x0000000609800000, 0x0000000609c00000|  0%| F|  |TAMS 0x0000000609800000, 0x0000000609800000| Untracked 
|  22|0x0000000609c00000, 0x0000000609c00000, 0x000000060a000000|  0%| F|  |TAMS 0x0000000609c00000, 0x0000000609c00000| Untracked 
|  23|0x000000060a000000, 0x000000060a000000, 0x000000060a400000|  0%| F|  |TAMS 0x000000060a000000, 0x000000060a000000| Untracked 
|  24|0x000000060a400000, 0x000000060a400000, 0x000000060a800000|  0%| F|  |TAMS 0x000000060a400000, 0x000000060a400000| Untracked 
|  25|0x000000060a800000, 0x000000060a800000, 0x000000060ac00000|  0%| F|  |TAMS 0x000000060a800000, 0x000000060a800000| Untracked 
|  26|0x000000060ac00000, 0x000000060ac00000, 0x000000060b000000|  0%| F|  |TAMS 0x000000060ac00000, 0x000000060ac00000| Untracked 
|  27|0x000000060b000000, 0x000000060b000000, 0x000000060b400000|  0%| F|  |TAMS 0x000000060b000000, 0x000000060b000000| Untracked 
|  28|0x000000060b400000, 0x000000060b400000, 0x000000060b800000|  0%| F|  |TAMS 0x000000060b400000, 0x000000060b400000| Untracked 
|  29|0x000000060b800000, 0x000000060b800000, 0x000000060bc00000|  0%| F|  |TAMS 0x000000060b800000, 0x000000060b800000| Untracked 
|  30|0x000000060bc00000, 0x000000060bc00000, 0x000000060c000000|  0%| F|  |TAMS 0x000000060bc00000, 0x000000060bc00000| Untracked 
|  31|0x000000060c000000, 0x000000060c000000, 0x000000060c400000|  0%| F|  |TAMS 0x000000060c000000, 0x000000060c000000| Untracked 
|  32|0x000000060c400000, 0x000000060c400000, 0x000000060c800000|  0%| F|  |TAMS 0x000000060c400000, 0x000000060c400000| Untracked 
|  33|0x000000060c800000, 0x000000060c800000, 0x000000060cc00000|  0%| F|  |TAMS 0x000000060c800000, 0x000000060c800000| Untracked 
|  34|0x000000060cc00000, 0x000000060cc00000, 0x000000060d000000|  0%| F|  |TAMS 0x000000060cc00000, 0x000000060cc00000| Untracked 
|  35|0x000000060d000000, 0x000000060d000000, 0x000000060d400000|  0%| F|  |TAMS 0x000000060d000000, 0x000000060d000000| Untracked 
|  36|0x000000060d400000, 0x000000060d400000, 0x000000060d800000|  0%| F|  |TAMS 0x000000060d400000, 0x000000060d400000| Untracked 
|  37|0x000000060d800000, 0x000000060d800000, 0x000000060dc00000|  0%| F|  |TAMS 0x000000060d800000, 0x000000060d800000| Untracked 
|  38|0x000000060dc00000, 0x000000060dc00000, 0x000000060e000000|  0%| F|  |TAMS 0x000000060dc00000, 0x000000060dc00000| Untracked 
|  39|0x000000060e000000, 0x000000060e000000, 0x000000060e400000|  0%| F|  |TAMS 0x000000060e000000, 0x000000060e000000| Untracked 
|  40|0x000000060e400000, 0x000000060e400000, 0x000000060e800000|  0%| F|  |TAMS 0x000000060e400000, 0x000000060e400000| Untracked 
|  41|0x000000060e800000, 0x000000060e800000, 0x000000060ec00000|  0%| F|  |TAMS 0x000000060e800000, 0x000000060e800000| Untracked 
|  42|0x000000060ec00000, 0x000000060ec00000, 0x000000060f000000|  0%| F|  |TAMS 0x000000060ec00000, 0x000000060ec00000| Untracked 
|  43|0x000000060f000000, 0x000000060f000000, 0x000000060f400000|  0%| F|  |TAMS 0x000000060f000000, 0x000000060f000000| Untracked 
|  44|0x000000060f400000, 0x000000060f400000, 0x000000060f800000|  0%| F|  |TAMS 0x000000060f400000, 0x000000060f400000| Untracked 
|  45|0x000000060f800000, 0x000000060f800000, 0x000000060fc00000|  0%| F|  |TAMS 0x000000060f800000, 0x000000060f800000| Untracked 
|  46|0x000000060fc00000, 0x000000060fc00000, 0x0000000610000000|  0%| F|  |TAMS 0x000000060fc00000, 0x000000060fc00000| Untracked 
|  47|0x0000000610000000, 0x000000061021f7d0, 0x0000000610400000| 53%| S|CS|TAMS 0x0000000610000000, 0x0000000610000000| Complete 
|  48|0x0000000610400000, 0x0000000610800000, 0x0000000610800000|100%| S|CS|TAMS 0x0000000610400000, 0x0000000610400000| Complete 
|  49|0x0000000610800000, 0x0000000610c00000, 0x0000000610c00000|100%| S|CS|TAMS 0x0000000610800000, 0x0000000610800000| Complete 
|  50|0x0000000610c00000, 0x0000000611000000, 0x0000000611000000|100%| S|CS|TAMS 0x0000000610c00000, 0x0000000610c00000| Complete 
|  51|0x0000000611000000, 0x0000000611000000, 0x0000000611400000|  0%| F|  |TAMS 0x0000000611000000, 0x0000000611000000| Untracked 
|  52|0x0000000611400000, 0x0000000611400000, 0x0000000611800000|  0%| F|  |TAMS 0x0000000611400000, 0x0000000611400000| Untracked 
|  53|0x0000000611800000, 0x0000000611800000, 0x0000000611c00000|  0%| F|  |TAMS 0x0000000611800000, 0x0000000611800000| Untracked 
|  54|0x0000000611c00000, 0x0000000611c00000, 0x0000000612000000|  0%| F|  |TAMS 0x0000000611c00000, 0x0000000611c00000| Untracked 
|  55|0x0000000612000000, 0x0000000612000000, 0x0000000612400000|  0%| F|  |TAMS 0x0000000612000000, 0x0000000612000000| Untracked 
|  56|0x0000000612400000, 0x0000000612400000, 0x0000000612800000|  0%| F|  |TAMS 0x0000000612400000, 0x0000000612400000| Untracked 
|  57|0x0000000612800000, 0x0000000612800000, 0x0000000612c00000|  0%| F|  |TAMS 0x0000000612800000, 0x0000000612800000| Untracked 
|  58|0x0000000612c00000, 0x0000000612c00000, 0x0000000613000000|  0%| F|  |TAMS 0x0000000612c00000, 0x0000000612c00000| Untracked 
|  59|0x0000000613000000, 0x0000000613000000, 0x0000000613400000|  0%| F|  |TAMS 0x0000000613000000, 0x0000000613000000| Untracked 
|  60|0x0000000613400000, 0x0000000613400000, 0x0000000613800000|  0%| F|  |TAMS 0x0000000613400000, 0x0000000613400000| Untracked 
|  61|0x0000000613800000, 0x0000000613800000, 0x0000000613c00000|  0%| F|  |TAMS 0x0000000613800000, 0x0000000613800000| Untracked 
|  62|0x0000000613c00000, 0x0000000613c00000, 0x0000000614000000|  0%| F|  |TAMS 0x0000000613c00000, 0x0000000613c00000| Untracked 
|  63|0x0000000614000000, 0x0000000614000000, 0x0000000614400000|  0%| F|  |TAMS 0x0000000614000000, 0x0000000614000000| Untracked 
|  64|0x0000000614400000, 0x0000000614400000, 0x0000000614800000|  0%| F|  |TAMS 0x0000000614400000, 0x0000000614400000| Untracked 
|  65|0x0000000614800000, 0x0000000614800000, 0x0000000614c00000|  0%| F|  |TAMS 0x0000000614800000, 0x0000000614800000| Untracked 
|  66|0x0000000614c00000, 0x0000000614c00000, 0x0000000615000000|  0%| F|  |TAMS 0x0000000614c00000, 0x0000000614c00000| Untracked 
|  67|0x0000000615000000, 0x0000000615000000, 0x0000000615400000|  0%| F|  |TAMS 0x0000000615000000, 0x0000000615000000| Untracked 
|  68|0x0000000615400000, 0x0000000615400000, 0x0000000615800000|  0%| F|  |TAMS 0x0000000615400000, 0x0000000615400000| Untracked 
|  69|0x0000000615800000, 0x0000000615800000, 0x0000000615c00000|  0%| F|  |TAMS 0x0000000615800000, 0x0000000615800000| Untracked 
|  70|0x0000000615c00000, 0x0000000615c00000, 0x0000000616000000|  0%| F|  |TAMS 0x0000000615c00000, 0x0000000615c00000| Untracked 
|  71|0x0000000616000000, 0x0000000616000000, 0x0000000616400000|  0%| F|  |TAMS 0x0000000616000000, 0x0000000616000000| Untracked 
|  72|0x0000000616400000, 0x0000000616400000, 0x0000000616800000|  0%| F|  |TAMS 0x0000000616400000, 0x0000000616400000| Untracked 
|  73|0x0000000616800000, 0x0000000616800000, 0x0000000616c00000|  0%| F|  |TAMS 0x0000000616800000, 0x0000000616800000| Untracked 
|  74|0x0000000616c00000, 0x0000000616c00000, 0x0000000617000000|  0%| F|  |TAMS 0x0000000616c00000, 0x0000000616c00000| Untracked 
|  75|0x0000000617000000, 0x0000000617000000, 0x0000000617400000|  0%| F|  |TAMS 0x0000000617000000, 0x0000000617000000| Untracked 
|  76|0x0000000617400000, 0x0000000617400000, 0x0000000617800000|  0%| F|  |TAMS 0x0000000617400000, 0x0000000617400000| Untracked 
|  77|0x0000000617800000, 0x0000000617800000, 0x0000000617c00000|  0%| F|  |TAMS 0x0000000617800000, 0x0000000617800000| Untracked 
|  78|0x0000000617c00000, 0x0000000617c00000, 0x0000000618000000|  0%| F|  |TAMS 0x0000000617c00000, 0x0000000617c00000| Untracked 
|  79|0x0000000618000000, 0x0000000618000000, 0x0000000618400000|  0%| F|  |TAMS 0x0000000618000000, 0x0000000618000000| Untracked 
|  80|0x0000000618400000, 0x0000000618400000, 0x0000000618800000|  0%| F|  |TAMS 0x0000000618400000, 0x0000000618400000| Untracked 
|  81|0x0000000618800000, 0x0000000618800000, 0x0000000618c00000|  0%| F|  |TAMS 0x0000000618800000, 0x0000000618800000| Untracked 
|  82|0x0000000618c00000, 0x0000000618c00000, 0x0000000619000000|  0%| F|  |TAMS 0x0000000618c00000, 0x0000000618c00000| Untracked 
|  83|0x0000000619000000, 0x0000000619000000, 0x0000000619400000|  0%| F|  |TAMS 0x0000000619000000, 0x0000000619000000| Untracked 
|  84|0x0000000619400000, 0x0000000619400000, 0x0000000619800000|  0%| F|  |TAMS 0x0000000619400000, 0x0000000619400000| Untracked 
|  85|0x0000000619800000, 0x0000000619800000, 0x0000000619c00000|  0%| F|  |TAMS 0x0000000619800000, 0x0000000619800000| Untracked 
|  86|0x0000000619c00000, 0x0000000619c00000, 0x000000061a000000|  0%| F|  |TAMS 0x0000000619c00000, 0x0000000619c00000| Untracked 
|  87|0x000000061a000000, 0x000000061a000000, 0x000000061a400000|  0%| F|  |TAMS 0x000000061a000000, 0x000000061a000000| Untracked 
|  88|0x000000061a400000, 0x000000061a400000, 0x000000061a800000|  0%| F|  |TAMS 0x000000061a400000, 0x000000061a400000| Untracked 
|  89|0x000000061a800000, 0x000000061a800000, 0x000000061ac00000|  0%| F|  |TAMS 0x000000061a800000, 0x000000061a800000| Untracked 
|  90|0x000000061ac00000, 0x000000061ac00000, 0x000000061b000000|  0%| F|  |TAMS 0x000000061ac00000, 0x000000061ac00000| Untracked 
|  91|0x000000061b000000, 0x000000061b000000, 0x000000061b400000|  0%| F|  |TAMS 0x000000061b000000, 0x000000061b000000| Untracked 
|  92|0x000000061b400000, 0x000000061b400000, 0x000000061b800000|  0%| F|  |TAMS 0x000000061b400000, 0x000000061b400000| Untracked 
|  93|0x000000061b800000, 0x000000061b800000, 0x000000061bc00000|  0%| F|  |TAMS 0x000000061b800000, 0x000000061b800000| Untracked 
|  94|0x000000061bc00000, 0x000000061bc00000, 0x000000061c000000|  0%| F|  |TAMS 0x000000061bc00000, 0x000000061bc00000| Untracked 
|  95|0x000000061c000000, 0x000000061c000000, 0x000000061c400000|  0%| F|  |TAMS 0x000000061c000000, 0x000000061c000000| Untracked 
|  96|0x000000061c400000, 0x000000061c400000, 0x000000061c800000|  0%| F|  |TAMS 0x000000061c400000, 0x000000061c400000| Untracked 
|  97|0x000000061c800000, 0x000000061c800000, 0x000000061cc00000|  0%| F|  |TAMS 0x000000061c800000, 0x000000061c800000| Untracked 
|  98|0x000000061cc00000, 0x000000061cc00000, 0x000000061d000000|  0%| F|  |TAMS 0x000000061cc00000, 0x000000061cc00000| Untracked 
|  99|0x000000061d000000, 0x000000061d000000, 0x000000061d400000|  0%| F|  |TAMS 0x000000061d000000, 0x000000061d000000| Untracked 
| 100|0x000000061d400000, 0x000000061d400000, 0x000000061d800000|  0%| F|  |TAMS 0x000000061d400000, 0x000000061d400000| Untracked 
| 101|0x000000061d800000, 0x000000061d800000, 0x000000061dc00000|  0%| F|  |TAMS 0x000000061d800000, 0x000000061d800000| Untracked 
| 102|0x000000061dc00000, 0x000000061dc00000, 0x000000061e000000|  0%| F|  |TAMS 0x000000061dc00000, 0x000000061dc00000| Untracked 
| 103|0x000000061e000000, 0x000000061e000000, 0x000000061e400000|  0%| F|  |TAMS 0x000000061e000000, 0x000000061e000000| Untracked 
| 104|0x000000061e400000, 0x000000061e400000, 0x000000061e800000|  0%| F|  |TAMS 0x000000061e400000, 0x000000061e400000| Untracked 
| 105|0x000000061e800000, 0x000000061e800000, 0x000000061ec00000|  0%| F|  |TAMS 0x000000061e800000, 0x000000061e800000| Untracked 
| 106|0x000000061ec00000, 0x000000061f000000, 0x000000061f000000|100%| E|  |TAMS 0x000000061ec00000, 0x000000061ec00000| Complete 
| 107|0x000000061f000000, 0x000000061f400000, 0x000000061f400000|100%| E|CS|TAMS 0x000000061f000000, 0x000000061f000000| Complete 
| 108|0x000000061f400000, 0x000000061f800000, 0x000000061f800000|100%| E|CS|TAMS 0x000000061f400000, 0x000000061f400000| Complete 
| 109|0x000000061f800000, 0x000000061fc00000, 0x000000061fc00000|100%| E|CS|TAMS 0x000000061f800000, 0x000000061f800000| Complete 
| 110|0x000000061fc00000, 0x0000000620000000, 0x0000000620000000|100%| E|CS|TAMS 0x000000061fc00000, 0x000000061fc00000| Complete 
| 111|0x0000000620000000, 0x0000000620400000, 0x0000000620400000|100%| E|CS|TAMS 0x0000000620000000, 0x0000000620000000| Complete 
| 112|0x0000000620400000, 0x0000000620800000, 0x0000000620800000|100%| E|CS|TAMS 0x0000000620400000, 0x0000000620400000| Complete 
| 113|0x0000000620800000, 0x0000000620c00000, 0x0000000620c00000|100%| E|CS|TAMS 0x0000000620800000, 0x0000000620800000| Complete 
| 114|0x0000000620c00000, 0x0000000621000000, 0x0000000621000000|100%| E|CS|TAMS 0x0000000620c00000, 0x0000000620c00000| Complete 
| 115|0x0000000621000000, 0x0000000621400000, 0x0000000621400000|100%| E|CS|TAMS 0x0000000621000000, 0x0000000621000000| Complete 
| 116|0x0000000621400000, 0x0000000621800000, 0x0000000621800000|100%| E|CS|TAMS 0x0000000621400000, 0x0000000621400000| Complete 
| 117|0x0000000621800000, 0x0000000621c00000, 0x0000000621c00000|100%| E|CS|TAMS 0x0000000621800000, 0x0000000621800000| Complete 
| 118|0x0000000621c00000, 0x0000000622000000, 0x0000000622000000|100%| E|CS|TAMS 0x0000000621c00000, 0x0000000621c00000| Complete 
| 119|0x0000000622000000, 0x0000000622400000, 0x0000000622400000|100%| E|CS|TAMS 0x0000000622000000, 0x0000000622000000| Complete 
| 120|0x0000000622400000, 0x0000000622800000, 0x0000000622800000|100%| E|CS|TAMS 0x0000000622400000, 0x0000000622400000| Complete 
| 121|0x0000000622800000, 0x0000000622c00000, 0x0000000622c00000|100%| E|CS|TAMS 0x0000000622800000, 0x0000000622800000| Complete 
| 122|0x0000000622c00000, 0x0000000623000000, 0x0000000623000000|100%| E|CS|TAMS 0x0000000622c00000, 0x0000000622c00000| Complete 
| 123|0x0000000623000000, 0x0000000623400000, 0x0000000623400000|100%| E|CS|TAMS 0x0000000623000000, 0x0000000623000000| Complete 
| 124|0x0000000623400000, 0x0000000623800000, 0x0000000623800000|100%| E|CS|TAMS 0x0000000623400000, 0x0000000623400000| Complete 
| 125|0x0000000623800000, 0x0000000623c00000, 0x0000000623c00000|100%| E|CS|TAMS 0x0000000623800000, 0x0000000623800000| Complete 
| 126|0x0000000623c00000, 0x0000000624000000, 0x0000000624000000|100%| E|CS|TAMS 0x0000000623c00000, 0x0000000623c00000| Complete 

Card table byte_map: [0x0000029c94d10000,0x0000029c95cf0000] _byte_map_base: 0x0000029c91cee000

Marking Bits (Prev, Next): (CMBitMap*) 0x0000029cff9d1b70, (CMBitMap*) 0x0000029cff9d1bb0
 Prev Bits: [0x0000029c96cd0000, 0x0000029c9ebc0000)
 Next Bits: [0x0000029c9ebc0000, 0x0000029ca6ab0000)

Polling page: 0x0000029cfed50000

Metaspace:

Usage:
  Non-class:      8.24 MB used.
      Class:    802.15 KB used.
       Both:      9.02 MB used.

Virtual space:
  Non-class space:       16.00 MB reserved,       8.31 MB ( 52%) committed,  2 nodes.
      Class space:        1.00 GB reserved,     896.00 KB ( <1%) committed,  1 nodes.
             Both:        1.02 GB reserved,       9.19 MB ( <1%) committed. 

Chunk freelists:
   Non-Class:  3.66 MB
       Class:  3.09 MB
        Both:  6.75 MB

MaxMetaspaceSize: unlimited
CompressedClassSpaceSize: 1.00 GB
Initial GC threshold: 21.00 MB
Current GC threshold: 21.00 MB
CDS: off
MetaspaceReclaimPolicy: balanced
 - commit_granule_bytes: 65536.
 - commit_granule_words: 8192.
 - virtual_space_node_default_size: 1048576.
 - enlarge_chunks_in_place: 1.
 - new_chunks_are_fully_committed: 0.
 - uncommit_free_chunks: 1.
 - use_allocation_guard: 0.
 - handle_deallocations: 1.


Internal statistics:

num_allocs_failed_limit: 0.
num_arena_births: 12.
num_arena_deaths: 0.
num_vsnodes_births: 3.
num_vsnodes_deaths: 0.
num_space_committed: 147.
num_space_uncommitted: 0.
num_chunks_returned_to_freelist: 0.
num_chunks_taken_from_freelist: 88.
num_chunk_merges: 0.
num_chunk_splits: 60.
num_chunks_enlarged: 55.
num_purges: 0.
num_inconsistent_stats: 0.

CodeHeap 'non-profiled nmethods': size=119168Kb used=1514Kb max_used=1514Kb free=117653Kb
 bounds [0x0000029c8c5a0000, 0x0000029c8c810000, 0x0000029c93a00000]
CodeHeap 'profiled nmethods': size=119104Kb used=2976Kb max_used=2976Kb free=116127Kb
 bounds [0x0000029c85150000, 0x0000029c85440000, 0x0000029c8c5a0000]
CodeHeap 'non-nmethods': size=7488Kb used=1249Kb max_used=2989Kb free=6238Kb
 bounds [0x0000029c84a00000, 0x0000029c84d00000, 0x0000029c85150000]
 total_blobs=1614 nmethods=1049 adapters=478
 compilation: enabled
              stopped_count=0, restarted_count=0
 full_count=0

Compilation events (20 events):
Event: 80182.619 Thread 0x0000029ca9c82470 nmethod 1035 0x0000029c8542c510 code [0x0000029c8542c6e0, 0x0000029c8542cae8]
Event: 80182.619 Thread 0x0000029ca9c82470 1036       1       java.nio.charset.CharsetEncoder::charset (5 bytes)
Event: 80182.619 Thread 0x0000029ca9c82470 nmethod 1036 0x0000029c8c71a890 code [0x0000029c8c71aa20, 0x0000029c8c71aaf8]
Event: 80182.624 Thread 0x0000029ca9c82470 1037       3       ilog.cplex.CpxRange::<init> (239 bytes)
Event: 80182.625 Thread 0x0000029ca9c82470 nmethod 1037 0x0000029c8542cc90 code [0x0000029c8542d020, 0x0000029c8542e838]
Event: 80182.625 Thread 0x0000029ca9c82470 1038       3       ilog.cplex.CplexI::_addRows (178 bytes)
Event: 80182.625 Thread 0x0000029ca9c82470 nmethod 1038 0x0000029c8542f210 code [0x0000029c8542f440, 0x0000029c8542fd98]
Event: 80182.649 Thread 0x0000029ca9c81b70 1039       4       ilog.cplex.IloCplexModeler::addRange (83 bytes)
Event: 80182.667 Thread 0x0000029ca9c82470 1040   !   3       java.io.PrintStream::writeln (81 bytes)
Event: 80182.676 Thread 0x0000029ca9c82470 nmethod 1040 0x0000029c85430290 code [0x0000029c85430540, 0x0000029c85431288]
Event: 80182.676 Thread 0x0000029ca9c82470 1041   !   3       java.lang.Thread::blockedOn (27 bytes)
Event: 80182.676 Thread 0x0000029ca9c82470 nmethod 1041 0x0000029c85431990 code [0x0000029c85431b40, 0x0000029c85431d98]
Event: 80182.732 Thread 0x0000029ca9c82470 1045       3       java.lang.Integer::stringSize (47 bytes)
Event: 80182.734 Thread 0x0000029ca9c82470 nmethod 1045 0x0000029c85431e90 code [0x0000029c85432040, 0x0000029c85432298]
Event: 80182.734 Thread 0x0000029ca9c82470 1046       3       java.lang.Integer::getChars (131 bytes)
Event: 80182.736 Thread 0x0000029ca9c82470 nmethod 1046 0x0000029c85432390 code [0x0000029c85432560, 0x0000029c85432998]
Event: 80182.739 Thread 0x0000029ca9c82470 1047       3       java.lang.invoke.Invokers$Holder::linkToTargetMethod (8 bytes)
Event: 80182.740 Thread 0x0000029ca9c82470 nmethod 1047 0x0000029c85432c10 code [0x0000029c85432dc0, 0x0000029c854330b8]
Event: 80182.740 Thread 0x0000029ca9c82470 1048       3       java.lang.invoke.LambdaForm$MH/0x0000000800004000::invoke (8 bytes)
Event: 80182.740 Thread 0x0000029ca9c82470 nmethod 1048 0x0000029c85433190 code [0x0000029c85433320, 0x0000029c85433578]

GC Heap History (20 events):
Event: 3620.899 GC heap before
{Heap before GC invocations=0 (full 0):
 garbage-first heap   total 520192K, used 24576K [0x0000000604400000, 0x0000000800000000)
  region size 4096K, 6 young (24576K), 0 survivors (0K)
 Metaspace       used 9057K, committed 9216K, reserved 1064960K
  class space    used 789K, committed 896K, reserved 1048576K
}
Event: 3620.902 GC heap after
{Heap after GC invocations=1 (full 0):
 garbage-first heap   total 520192K, used 4425K [0x0000000604400000, 0x0000000800000000)
  region size 4096K, 1 young (4096K), 1 survivors (4096K)
 Metaspace       used 9057K, committed 9216K, reserved 1064960K
  class space    used 789K, committed 896K, reserved 1048576K
}
Event: 4973.675 GC heap before
{Heap before GC invocations=1 (full 0):
 garbage-first heap   total 520192K, used 24905K [0x0000000604400000, 0x0000000800000000)
  region size 4096K, 7 young (28672K), 1 survivors (4096K)
 Metaspace       used 9123K, committed 9280K, reserved 1064960K
  class space    used 799K, committed 896K, reserved 1048576K
}
Event: 4973.677 GC heap after
{Heap after GC invocations=2 (full 0):
 garbage-first heap   total 520192K, used 6150K [0x0000000604400000, 0x0000000800000000)
  region size 4096K, 1 young (4096K), 1 survivors (4096K)
 Metaspace       used 9123K, committed 9280K, reserved 1064960K
  class space    used 799K, committed 896K, reserved 1048576K
}
Event: 6966.360 GC heap before
{Heap before GC invocations=2 (full 0):
 garbage-first heap   total 520192K, used 63494K [0x0000000604400000, 0x0000000800000000)
  region size 4096K, 15 young (61440K), 1 survivors (4096K)
 Metaspace       used 9123K, committed 9280K, reserved 1064960K
  class space    used 799K, committed 896K, reserved 1048576K
}
Event: 6966.361 GC heap after
{Heap after GC invocations=3 (full 0):
 garbage-first heap   total 520192K, used 5898K [0x0000000604400000, 0x0000000800000000)
  region size 4096K, 1 young (4096K), 1 survivors (4096K)
 Metaspace       used 9123K, committed 9280K, reserved 1064960K
  class space    used 799K, committed 896K, reserved 1048576K
}
Event: 18065.860 GC heap before
{Heap before GC invocations=3 (full 0):
 garbage-first heap   total 520192K, used 313098K [0x0000000604400000, 0x0000000800000000)
  region size 4096K, 76 young (311296K), 1 survivors (4096K)
 Metaspace       used 9160K, committed 9344K, reserved 1064960K
  class space    used 800K, committed 896K, reserved 1048576K
}
Event: 18065.863 GC heap after
{Heap after GC invocations=4 (full 0):
 garbage-first heap   total 520192K, used 10805K [0x0000000604400000, 0x0000000800000000)
  region size 4096K, 2 young (8192K), 2 survivors (8192K)
 Metaspace       used 9160K, committed 9344K, reserved 1064960K
  class space    used 800K, committed 896K, reserved 1048576K
}
Event: 30479.641 GC heap before
{Heap before GC invocations=4 (full 0):
 garbage-first heap   total 520192K, used 313909K [0x0000000604400000, 0x0000000800000000)
  region size 4096K, 76 young (311296K), 2 survivors (8192K)
 Metaspace       used 9190K, committed 9344K, reserved 1064960K
  class space    used 800K, committed 896K, reserved 1048576K
}
Event: 30479.644 GC heap after
{Heap after GC invocations=5 (full 0):
 garbage-first heap   total 520192K, used 10973K [0x0000000604400000, 0x0000000800000000)
  region size 4096K, 2 young (8192K), 2 survivors (8192K)
 Metaspace       used 9190K, committed 9344K, reserved 1064960K
  class space    used 800K, committed 896K, reserved 1048576K
}
Event: 39858.071 GC heap before
{Heap before GC invocations=5 (full 0):
 garbage-first heap   total 520192K, used 314077K [0x0000000604400000, 0x0000000800000000)
  region size 4096K, 76 young (311296K), 2 survivors (8192K)
 Metaspace       used 9192K, committed 9408K, reserved 1064960K
  class space    used 800K, committed 896K, reserved 1048576K
}
Event: 39858.073 GC heap after
{Heap after GC invocations=6 (full 0):
 garbage-first heap   total 520192K, used 11224K [0x0000000604400000, 0x0000000800000000)
  region size 4096K, 2 young (8192K), 2 survivors (8192K)
 Metaspace       used 9192K, committed 9408K, reserved 1064960K
  class space    used 800K, committed 896K, reserved 1048576K
}
Event: 50429.528 GC heap before
{Heap before GC invocations=6 (full 0):
 garbage-first heap   total 520192K, used 314328K [0x0000000604400000, 0x0000000800000000)
  region size 4096K, 76 young (311296K), 2 survivors (8192K)
 Metaspace       used 9196K, committed 9408K, reserved 1064960K
  class space    used 800K, committed 896K, reserved 1048576K
}
Event: 50429.530 GC heap after
{Heap after GC invocations=7 (full 0):
 garbage-first heap   total 520192K, used 10004K [0x0000000604400000, 0x0000000800000000)
  region size 4096K, 2 young (8192K), 2 survivors (8192K)
 Metaspace       used 9196K, committed 9408K, reserved 1064960K
  class space    used 800K, committed 896K, reserved 1048576K
}
Event: 61253.578 GC heap before
{Heap before GC invocations=7 (full 0):
 garbage-first heap   total 520192K, used 313108K [0x0000000604400000, 0x0000000800000000)
  region size 4096K, 76 young (311296K), 2 survivors (8192K)
 Metaspace       used 9200K, committed 9408K, reserved 1064960K
  class space    used 800K, committed 896K, reserved 1048576K
}
Event: 61253.580 GC heap after
{Heap after GC invocations=8 (full 0):
 garbage-first heap   total 520192K, used 11034K [0x0000000604400000, 0x0000000800000000)
  region size 4096K, 2 young (8192K), 2 survivors (8192K)
 Metaspace       used 9200K, committed 9408K, reserved 1064960K
  class space    used 800K, committed 896K, reserved 1048576K
}
Event: 71896.295 GC heap before
{Heap before GC invocations=8 (full 0):
 garbage-first heap   total 520192K, used 314138K [0x0000000604400000, 0x0000000800000000)
  region size 4096K, 76 young (311296K), 2 survivors (8192K)
 Metaspace       used 9201K, committed 9408K, reserved 1064960K
  class space    used 800K, committed 896K, reserved 1048576K
}
Event: 71896.298 GC heap after
{Heap after GC invocations=9 (full 0):
 garbage-first heap   total 520192K, used 11120K [0x0000000604400000, 0x0000000800000000)
  region size 4096K, 2 young (8192K), 2 survivors (8192K)
 Metaspace       used 9201K, committed 9408K, reserved 1064960K
  class space    used 800K, committed 896K, reserved 1048576K
}
Event: 80181.601 GC heap before
{Heap before GC invocations=9 (full 0):
 garbage-first heap   total 520192K, used 314224K [0x0000000604400000, 0x0000000800000000)
  region size 4096K, 76 young (311296K), 2 survivors (8192K)
 Metaspace       used 9218K, committed 9408K, reserved 1064960K
  class space    used 801K, committed 896K, reserved 1048576K
}
Event: 80181.606 GC heap after
{Heap after GC invocations=10 (full 0):
 garbage-first heap   total 520192K, used 18922K [0x0000000604400000, 0x0000000800000000)
  region size 4096K, 4 young (16384K), 4 survivors (16384K)
 Metaspace       used 9218K, committed 9408K, reserved 1064960K
  class space    used 801K, committed 896K, reserved 1048576K
}

Deoptimization events (20 events):
Event: 79411.266 Thread 0x0000029cff923dc0 Uncommon trap: trap_request=0xffffffde fr.pc=0x0000029c8c5fc090 relative=0x00000000000001f0
Event: 79411.266 Thread 0x0000029cff923dc0 Uncommon trap: reason=class_check action=maybe_recompile pc=0x0000029c8c5fc090 method=java.util.regex.Matcher.getTextLength()I @ 4 c2
Event: 79411.266 Thread 0x0000029cff923dc0 DEOPT PACKING pc=0x0000029c8c5fc090 sp=0x000000c8a1ffead0
Event: 79411.266 Thread 0x0000029cff923dc0 DEOPT UNPACKING pc=0x0000029c84a523a3 sp=0x000000c8a1ffea00 mode 2
Event: 79964.337 Thread 0x0000029cff923dc0 Uncommon trap: trap_request=0xffffff45 fr.pc=0x0000029c8c6078bc relative=0x000000000000535c
Event: 79964.337 Thread 0x0000029cff923dc0 Uncommon trap: reason=unstable_if action=reinterpret pc=0x0000029c8c6078bc method=ilog.cplex.CplexI.CALL(I)V @ 16 c2
Event: 79964.337 Thread 0x0000029cff923dc0 DEOPT PACKING pc=0x0000029c8c6078bc sp=0x000000c8a1ffedb0
Event: 79964.337 Thread 0x0000029cff923dc0 DEOPT UNPACKING pc=0x0000029c84a523a3 sp=0x000000c8a1ffea20 mode 2
Event: 80182.399 Thread 0x0000029cff923dc0 Uncommon trap: trap_request=0xffffff45 fr.pc=0x0000029c8c647a78 relative=0x00000000000009d8
Event: 80182.399 Thread 0x0000029cff923dc0 Uncommon trap: reason=unstable_if action=reinterpret pc=0x0000029c8c647a78 method=ilog.cplex.CplexI.CALL(I)V @ 16 c2
Event: 80182.399 Thread 0x0000029cff923dc0 DEOPT PACKING pc=0x0000029c8c647a78 sp=0x000000c8a1ffed40
Event: 80182.399 Thread 0x0000029cff923dc0 DEOPT UNPACKING pc=0x0000029c84a523a3 sp=0x000000c8a1ffec80 mode 2
Event: 80182.566 Thread 0x0000029cff923dc0 Uncommon trap: trap_request=0xffffff45 fr.pc=0x0000029c8c661090 relative=0x0000000000003a10
Event: 80182.566 Thread 0x0000029cff923dc0 Uncommon trap: reason=unstable_if action=reinterpret pc=0x0000029c8c661090 method=ilog.cplex.CplexI.CALL(I)V @ 16 c2
Event: 80182.566 Thread 0x0000029cff923dc0 DEOPT PACKING pc=0x0000029c8c661090 sp=0x000000c8a1ffede0
Event: 80182.566 Thread 0x0000029cff923dc0 DEOPT UNPACKING pc=0x0000029c84a523a3 sp=0x000000c8a1ffea98 mode 2
Event: 80182.618 Thread 0x0000029cff923dc0 Uncommon trap: trap_request=0xffffff45 fr.pc=0x0000029c8c6561e8 relative=0x0000000000003188
Event: 80182.618 Thread 0x0000029cff923dc0 Uncommon trap: reason=unstable_if action=reinterpret pc=0x0000029c8c6561e8 method=ilog.cplex.CplexI.CALL(I)V @ 16 c2
Event: 80182.618 Thread 0x0000029cff923dc0 DEOPT PACKING pc=0x0000029c8c6561e8 sp=0x000000c8a1ffed20
Event: 80182.618 Thread 0x0000029cff923dc0 DEOPT UNPACKING pc=0x0000029c84a523a3 sp=0x000000c8a1ffea80 mode 2

Classes unloaded (0 events):
No events

Classes redefined (0 events):
No events

Internal exceptions (2 events):
Event: 0.224 Thread 0x0000029cff923dc0 Exception <a 'java/lang/NoSuchMethodError'{0x0000000623ef4c60}: 'java.lang.Object java.lang.invoke.DirectMethodHandle$Holder.invokeStaticInit(java.lang.Object)'> (0x0000000623ef4c60) 
thrown [s\src\hotspot\share\interpreter\linkResolver.cpp, line 759]
Event: 0.224 Thread 0x0000029cff923dc0 Exception <a 'java/lang/NoSuchMethodError'{0x0000000623efacb0}: 'java.lang.Object java.lang.invoke.Invokers$Holder.invoke_MT(java.lang.Object, java.lang.Object, java.lang.Object)'> (0x0000000623efacb0) 
thrown [s\src\hotspot\share\interpreter\linkResolver.cpp, line 759]

VM Operations (20 events):
Event: 50554.223 Executing VM operation: Cleanup
Event: 50554.223 Executing VM operation: Cleanup done
Event: 57786.515 Executing VM operation: Cleanup
Event: 57786.515 Executing VM operation: Cleanup done
Event: 61253.577 Executing VM operation: G1CollectForAllocation
Event: 61253.580 Executing VM operation: G1CollectForAllocation done
Event: 71896.295 Executing VM operation: G1CollectForAllocation
Event: 71896.298 Executing VM operation: G1CollectForAllocation done
Event: 79222.745 Executing VM operation: Cleanup
Event: 79222.746 Executing VM operation: Cleanup done
Event: 79411.872 Executing VM operation: Cleanup
Event: 79411.872 Executing VM operation: Cleanup done
Event: 79598.892 Executing VM operation: Cleanup
Event: 79598.892 Executing VM operation: Cleanup done
Event: 79964.953 Executing VM operation: Cleanup
Event: 79964.953 Executing VM operation: Cleanup done
Event: 80181.601 Executing VM operation: G1CollectForAllocation
Event: 80181.606 Executing VM operation: G1CollectForAllocation done
Event: 80182.616 Executing VM operation: Cleanup
Event: 80182.616 Executing VM operation: Cleanup done

Events (20 events):
Event: 3600.495 loading class java/io/FileOutputStream$1
Event: 3600.495 loading class java/io/FileOutputStream$1 done
Event: 3620.888 Thread 0x0000029dc2ae6aa0 Thread added: 0x0000029dc2ae6aa0
Event: 3622.413 Thread 0x0000029dc2ae6aa0 Thread exited: 0x0000029dc2ae6aa0
Event: 7231.173 Thread 0x0000029cdc5f3a40 Thread added: 0x0000029cdc5f3a40
Event: 7236.212 Thread 0x0000029cdc5f3a40 Thread exited: 0x0000029cdc5f3a40
Event: 10841.445 loading class java/util/function/BiFunction
Event: 10841.445 loading class java/util/function/BiFunction done
Event: 10841.463 Thread 0x0000029cdc5f1be0 Thread added: 0x0000029cdc5f1be0
Event: 10841.463 Thread 0x0000029cdc5f20f0 Thread added: 0x0000029cdc5f20f0
Event: 10841.474 Thread 0x0000029cdc5f3020 Thread added: 0x0000029cdc5f3020
Event: 10841.474 Thread 0x0000029cdc5f3f50 Thread added: 0x0000029cdc5f3f50
Event: 10846.551 Thread 0x0000029cdc5f3f50 Thread exited: 0x0000029cdc5f3f50
Event: 10851.530 Thread 0x0000029cdc5f3020 Thread exited: 0x0000029cdc5f3020
Event: 10851.578 Thread 0x0000029cdc5f20f0 Thread exited: 0x0000029cdc5f20f0
Event: 10856.556 Thread 0x0000029cdc5f1be0 Thread exited: 0x0000029cdc5f1be0
Event: 79222.597 loading class java/lang/Throwable$WrappedPrintStream
Event: 79222.597 loading class java/lang/Throwable$PrintStreamOrWriter
Event: 79222.597 loading class java/lang/Throwable$PrintStreamOrWriter done
Event: 79222.597 loading class java/lang/Throwable$WrappedPrintStream done


Dynamic libraries:
0x00007ff688bd0000 - 0x00007ff688bde000 	C:\Users\최적화_연구실_PC1\OneDrive - Chonnam National University\바탕 화면\eclipse-jee-2022-09-R-win32-x86_64\eclipse\plugins\org.eclipse.justj.openjdk.hotspot.jre.full.win32.x86_64_17.0.4.v20220903-1038\jre\bin\javaw.exe
0x00007ffad3ae0000 - 0x00007ffad3ce9000 	C:\WINDOWS\SYSTEM32\ntdll.dll
0x00007ffad25a0000 - 0x00007ffad265e000 	C:\WINDOWS\System32\KERNEL32.DLL
0x00007ffad0fb0000 - 0x00007ffad132c000 	C:\WINDOWS\System32\KERNELBASE.dll
0x00007ffad1840000 - 0x00007ffad1951000 	C:\WINDOWS\System32\ucrtbase.dll
0x00007ffabeca0000 - 0x00007ffabecb9000 	C:\Users\최적화_연구실_PC1\OneDrive - Chonnam National University\바탕 화면\eclipse-jee-2022-09-R-win32-x86_64\eclipse\plugins\org.eclipse.justj.openjdk.hotspot.jre.full.win32.x86_64_17.0.4.v20220903-1038\jre\bin\VCRUNTIME140.dll
0x00007ffab3780000 - 0x00007ffab3798000 	C:\Users\최적화_연구실_PC1\OneDrive - Chonnam National University\바탕 화면\eclipse-jee-2022-09-R-win32-x86_64\eclipse\plugins\org.eclipse.justj.openjdk.hotspot.jre.full.win32.x86_64_17.0.4.v20220903-1038\jre\bin\jli.dll
0x00007ffad2ef0000 - 0x00007ffad309d000 	C:\WINDOWS\System32\USER32.dll
0x00007ffad1470000 - 0x00007ffad1496000 	C:\WINDOWS\System32\win32u.dll
0x00007ffac3af0000 - 0x00007ffac3d95000 	C:\WINDOWS\WinSxS\amd64_microsoft.windows.common-controls_6595b64144ccf1df_6.0.22000.120_none_9d947278b86cc467\COMCTL32.dll
0x00007ffad31b0000 - 0x00007ffad31d9000 	C:\WINDOWS\System32\GDI32.dll
0x00007ffad14a0000 - 0x00007ffad15b8000 	C:\WINDOWS\System32\gdi32full.dll
0x00007ffad24f0000 - 0x00007ffad2593000 	C:\WINDOWS\System32\msvcrt.dll
0x00007ffad1730000 - 0x00007ffad17cd000 	C:\WINDOWS\System32\msvcp_win.dll
0x00007ffad3a60000 - 0x00007ffad3a92000 	C:\WINDOWS\System32\IMM32.DLL
0x00007ffabf070000 - 0x00007ffabf07c000 	C:\Users\최적화_연구실_PC1\OneDrive - Chonnam National University\바탕 화면\eclipse-jee-2022-09-R-win32-x86_64\eclipse\plugins\org.eclipse.justj.openjdk.hotspot.jre.full.win32.x86_64_17.0.4.v20220903-1038\jre\bin\vcruntime140_1.dll
0x00007ffab00f0000 - 0x00007ffab0181000 	C:\Users\최적화_연구실_PC1\OneDrive - Chonnam National University\바탕 화면\eclipse-jee-2022-09-R-win32-x86_64\eclipse\plugins\org.eclipse.justj.openjdk.hotspot.jre.full.win32.x86_64_17.0.4.v20220903-1038\jre\bin\msvcp140.dll
0x00007ffa5db30000 - 0x00007ffa5e776000 	C:\Users\최적화_연구실_PC1\OneDrive - Chonnam National University\바탕 화면\eclipse-jee-2022-09-R-win32-x86_64\eclipse\plugins\org.eclipse.justj.openjdk.hotspot.jre.full.win32.x86_64_17.0.4.v20220903-1038\jre\bin\server\jvm.dll
0x00007ffad31e0000 - 0x00007ffad328e000 	C:\WINDOWS\System32\ADVAPI32.dll
0x00007ffad23e0000 - 0x00007ffad247e000 	C:\WINDOWS\System32\sechost.dll
0x00007ffad19e0000 - 0x00007ffad1b00000 	C:\WINDOWS\System32\RPCRT4.dll
0x00007ffad2ee0000 - 0x00007ffad2ee8000 	C:\WINDOWS\System32\PSAPI.DLL
0x00007ffacc340000 - 0x00007ffacc34a000 	C:\WINDOWS\SYSTEM32\VERSION.dll
0x00007ffac3640000 - 0x00007ffac3673000 	C:\WINDOWS\SYSTEM32\WINMM.dll
0x00007ffac3180000 - 0x00007ffac3189000 	C:\WINDOWS\SYSTEM32\WSOCK32.dll
0x00007ffad2220000 - 0x00007ffad228f000 	C:\WINDOWS\System32\WS2_32.dll
0x00007ffad0030000 - 0x00007ffad0048000 	C:\WINDOWS\SYSTEM32\kernel.appcore.dll
0x00007ffac9c00000 - 0x00007ffac9c0a000 	C:\Users\최적화_연구실_PC1\OneDrive - Chonnam National University\바탕 화면\eclipse-jee-2022-09-R-win32-x86_64\eclipse\plugins\org.eclipse.justj.openjdk.hotspot.jre.full.win32.x86_64_17.0.4.v20220903-1038\jre\bin\jimage.dll
0x00007ffacb000000 - 0x00007ffacb221000 	C:\WINDOWS\SYSTEM32\DBGHELP.DLL
0x00007ffacade0000 - 0x00007ffacae11000 	C:\WINDOWS\SYSTEM32\dbgcore.DLL
0x00007ffad13f0000 - 0x00007ffad146f000 	C:\WINDOWS\System32\bcryptPrimitives.dll
0x00007ffabe1b0000 - 0x00007ffabe1d5000 	C:\Users\최적화_연구실_PC1\OneDrive - Chonnam National University\바탕 화면\eclipse-jee-2022-09-R-win32-x86_64\eclipse\plugins\org.eclipse.justj.openjdk.hotspot.jre.full.win32.x86_64_17.0.4.v20220903-1038\jre\bin\java.dll
0x00007ffabebe0000 - 0x00007ffabebf8000 	C:\Users\최적화_연구실_PC1\OneDrive - Chonnam National University\바탕 화면\eclipse-jee-2022-09-R-win32-x86_64\eclipse\plugins\org.eclipse.justj.openjdk.hotspot.jre.full.win32.x86_64_17.0.4.v20220903-1038\jre\bin\zip.dll
0x00007ffad3290000 - 0x00007ffad3a55000 	C:\WINDOWS\System32\SHELL32.dll
0x00007ffacf0a0000 - 0x00007ffacf905000 	C:\WINDOWS\SYSTEM32\windows.storage.dll
0x00007ffad2b60000 - 0x00007ffad2ed8000 	C:\WINDOWS\System32\combase.dll
0x00007ffacef30000 - 0x00007ffacf096000 	C:\WINDOWS\SYSTEM32\wintypes.dll
0x00007ffad2100000 - 0x00007ffad21ea000 	C:\WINDOWS\System32\SHCORE.dll
0x00007ffad3150000 - 0x00007ffad31ad000 	C:\WINDOWS\System32\shlwapi.dll
0x00007ffad0ee0000 - 0x00007ffad0f01000 	C:\WINDOWS\SYSTEM32\profapi.dll
0x00007ffabeb30000 - 0x00007ffabeb49000 	C:\Users\최적화_연구실_PC1\OneDrive - Chonnam National University\바탕 화면\eclipse-jee-2022-09-R-win32-x86_64\eclipse\plugins\org.eclipse.justj.openjdk.hotspot.jre.full.win32.x86_64_17.0.4.v20220903-1038\jre\bin\net.dll
0x00007ffacc0a0000 - 0x00007ffacc1b4000 	C:\WINDOWS\SYSTEM32\WINHTTP.dll
0x00007ffad04d0000 - 0x00007ffad0537000 	C:\WINDOWS\system32\mswsock.dll
0x00007ffabd5f0000 - 0x00007ffabd605000 	C:\Users\최적화_연구실_PC1\OneDrive - Chonnam National University\바탕 화면\eclipse-jee-2022-09-R-win32-x86_64\eclipse\plugins\org.eclipse.justj.openjdk.hotspot.jre.full.win32.x86_64_17.0.4.v20220903-1038\jre\bin\nio.dll
0x00007ffa817b0000 - 0x00007ffa83321000 	C:\Program Files\IBM\ILOG\CPLEX_Studio221\cplex\bin\x64_win64\cplex2210.dll

dbghelp: loaded successfully - version: 4.0.5 - missing functions: none
symbol engine: initialized successfully - sym options: 0x614 - pdb path: .;C:\Users\최적화_연구실_PC1\OneDrive - Chonnam National University\바탕 화면\eclipse-jee-2022-09-R-win32-x86_64\eclipse\plugins\org.eclipse.justj.openjdk.hotspot.jre.full.win32.x86_64_17.0.4.v20220903-1038\jre\bin;C:\WINDOWS\SYSTEM32;C:\WINDOWS\WinSxS\amd64_microsoft.windows.common-controls_6595b64144ccf1df_6.0.22000.120_none_9d947278b86cc467;C:\Users\최적화_연구실_PC1\OneDrive - Chonnam National University\바탕 화면\eclipse-jee-2022-09-R-win32-x86_64\eclipse\plugins\org.eclipse.justj.openjdk.hotspot.jre.full.win32.x86_64_17.0.4.v20220903;C:\Users\최적화_연구실_PC1\OneDrive - Chonnam National University\바탕 화면\eclipse-jee-2022-09-R-win32-x86_64\eclipse\plugins\org.eclipse.justj.openjdk.hotspot.jre.full.win32.x86_64_17.0.4;C:\Users\최적화_연구실_PC1\OneDrive - Chonnam National University\바탕 화면\eclipse-jee-2022-09-R-win32-x86_64\eclipse\plugins\org.eclipse.justj.openjdk.hotspot.jre.full.win32.x86;C:\Users\최적화_연구실_PC1\OneDrive - Chonnam National University\바탕 화면\eclipse-jee-2022-09-R-win32-x86_64\eclipse\plugins\org.eclipse.justj.openjdk.hotspot.jre.full;C:\Users\최적화_연구실_PC1\OneDrive - Chonnam National University\바탕 화면\eclipse-jee-2022-09-R-win32-x86_64\eclipse\plugins\org.eclipse.justj.openjdk.hotspot.jre.full.win32.x86_64_17.0.4.v20220903-1038\jre\bin\server;C

VM Arguments:
jvm_args: -Djava.library.path=C:\Program Files\IBM\ILOG\CPLEX_Studio221\cplex\bin\x64_win64 -Dfile.encoding=UTF-8 -XX:+ShowCodeDetailsInExceptionMessages 
java_command: MainApp.App
java_class_path (initial): C:\Users\최적화_연구실_PC1\OneDrive - Chonnam National University\바탕 화면\Optimize\RVRP\RVRP\bin;C:\Program Files\IBM\ILOG\CPLEX_Studio221\cplex\lib\cplex.jar
Launcher Type: SUN_STANDARD

[Global flags]
     intx CICompilerCount                          = 12                                        {product} {ergonomic}
     uint ConcGCThreads                            = 3                                         {product} {ergonomic}
     uint G1ConcRefinementThreads                  = 13                                        {product} {ergonomic}
   size_t G1HeapRegionSize                         = 4194304                                   {product} {ergonomic}
    uintx GCDrainStackTargetSize                   = 64                                        {product} {ergonomic}
   size_t InitialHeapSize                          = 532676608                                 {product} {ergonomic}
   size_t MarkStackSize                            = 4194304                                   {product} {ergonomic}
   size_t MaxHeapSize                              = 8518631424                                {product} {ergonomic}
   size_t MaxNewSize                               = 5108662272                                {product} {ergonomic}
   size_t MinHeapDeltaBytes                        = 4194304                                   {product} {ergonomic}
   size_t MinHeapSize                              = 8388608                                   {product} {ergonomic}
    uintx NonNMethodCodeHeapSize                   = 7602480                                {pd product} {ergonomic}
    uintx NonProfiledCodeHeapSize                  = 122027880                              {pd product} {ergonomic}
    uintx ProfiledCodeHeapSize                     = 122027880                              {pd product} {ergonomic}
    uintx ReservedCodeCacheSize                    = 251658240                              {pd product} {ergonomic}
     bool SegmentedCodeCache                       = true                                      {product} {ergonomic}
     bool ShowCodeDetailsInExceptionMessages       = true                                   {manageable} {command line}
   size_t SoftMaxHeapSize                          = 8518631424                             {manageable} {ergonomic}
     bool UseCompressedClassPointers               = true                           {product lp64_product} {ergonomic}
     bool UseCompressedOops                        = true                           {product lp64_product} {ergonomic}
     bool UseG1GC                                  = true                                      {product} {ergonomic}
     bool UseLargePagesIndividualAllocation        = false                                  {pd product} {ergonomic}

Logging:
Log output configuration:
 #0: stdout all=warning uptime,level,tags
 #1: stderr all=off uptime,level,tags

Environment Variables:
PATH=C:/Users/최적화_연구실_PC1/OneDrive - Chonnam National University/바탕 화면/eclipse-jee-2022-09-R-win32-x86_64/eclipse//plugins/org.eclipse.justj.openjdk.hotspot.jre.full.win32.x86_64_17.0.4.v20220903-1038/jre/bin/server;C:/Users/최적화_연구실_PC1/OneDrive - Chonnam National University/바탕 화면/eclipse-jee-2022-09-R-win32-x86_64/eclipse//plugins/org.eclipse.justj.openjdk.hotspot.jre.full.win32.x86_64_17.0.4.v20220903-1038/jre/bin;C:\Program Files\Common Files\Oracle\Java\javapath;C:\Program Files\IBM\ILOG\CPLEX_Studio221\opl\bin\x64_win64;C:\Program Files\IBM\ILOG\CPLEX_Studio221\opl\oplide\;C:\Program Files\IBM\ILOG\CPLEX_Studio221\cplex\bin\x64_win64;C:\Program Files\IBM\ILOG\CPLEX_Studio221\cpoptimizer\bin\x64_win64;C:\Program Files (x86)\Common Files\Oracle\Java\javapath;C:\WINDOWS\system32;C:\WINDOWS;C:\WINDOWS\System32\Wbem;C:\WINDOWS\System32\WindowsPowerShell\v1.0\;C:\WINDOWS\System32\OpenSSH\;C:\Program Files\dotnet\;C:\Users\최적화_연구실_PC1\AppData\Local\Microsoft\WindowsApps;C:\Program Files\JetBrains\PyCharm 2021.3.3\bin;;C:\Program Files\JetBrains\PyCharm Community Edition 2022.1\bin;;;C:\Users\최적화_연구실_PC1\OneDrive - Chonnam National University\바탕 화면\eclipse-jee-2022-09-R-win32-x86_64\eclipse;
USERNAME=최적화_연구실_PC1
OS=Windows_NT
PROCESSOR_IDENTIFIER=Intel64 Family 6 Model 165 Stepping 5, GenuineIntel
TMP=C:\Users\최적화~1\AppData\Local\Temp
TEMP=C:\Users\최적화~1\AppData\Local\Temp



---------------  S Y S T E M  ---------------

OS:
 Windows 11 , 64 bit Build 22000 (10.0.22000.1516)
OS uptime: 12 days 11:51 hours

CPU: total 16 (initial active 16) (8 cores per cpu, 2 threads per core) family 6 model 165 stepping 5 microcode 0xec, cx8, cmov, fxsr, ht, mmx, 3dnowpref, sse, sse2, sse3, ssse3, sse4.1, sse4.2, popcnt, lzcnt, tsc, tscinvbit, avx, avx2, aes, erms, clmul, bmi1, bmi2, adx, fma, vzeroupper, clflush, clflushopt

Memory: 4k page, system-wide physical 32480M (1407M free)
TotalPageFile size 93190M (AvailPageFile size 0M)
current process WorkingSet (physical memory assigned to process): 20684M, peak: 21090M
current process commit charge ("private bytes"): 21028M, peak: 22120M

vm_info: OpenJDK 64-Bit Server VM (17.0.4.1+1) for windows-amd64 JRE (17.0.4.1+1), built on Aug 17 2022 07:42:43 by "temurin" with MS VC++ 16.7 (VS2019)

END.
